{"level":"error","service":"user-service","timestamp":"2022-04-14T16:03:07.593Z"}
{"level":"error","service":"user-service","timestamp":"2022-04-14T16:08:25.461Z"}
{"$clusterTime":{"clusterTime":"7086500814956527617","signature":{"hash":"Bb9EqGx3TDXzWbJB2CSe4J27Us0=","keyId":"7051639548962406402"}},"code":2,"codeName":"BadValue","level":"error","name":"MongoError","ok":0,"operationTime":"7086500814956527617","service":"user-service","timestamp":"2022-04-14T16:42:32.325Z"}
{"$clusterTime":{"clusterTime":"7086500840726331393","signature":{"hash":"xOPkEd7boU/HbNA1wf8ZMQRX+AE=","keyId":"7051639548962406402"}},"code":2,"codeName":"BadValue","level":"error","name":"MongoError","ok":0,"operationTime":"7086500840726331393","service":"user-service","timestamp":"2022-04-14T16:42:32.367Z"}
{"$clusterTime":{"clusterTime":"7086500853611233281","signature":{"hash":"u4KBZoAPkWm4wdGG9ZoPfiIBeB0=","keyId":"7051639548962406402"}},"code":2,"codeName":"BadValue","level":"error","name":"MongoError","ok":0,"operationTime":"7086500853611233281","service":"user-service","timestamp":"2022-04-14T16:42:36.624Z"}
{"$clusterTime":{"clusterTime":"7086500892265938949","signature":{"hash":"NnFPgr1FuFN+VRaNWJh10rn6DwE=","keyId":"7051639548962406402"}},"code":2,"codeName":"BadValue","level":"error","name":"MongoError","ok":0,"operationTime":"7086500892265938949","service":"user-service","timestamp":"2022-04-14T16:42:45.948Z"}
{"level":"error","service":"user-service","timestamp":"2022-04-14T16:58:02.531Z"}
{"level":"error","service":"user-service","timestamp":"2022-04-19T14:25:00.127Z"}
{"kind":"ObjectId","level":"error","path":"_id","reason":{},"service":"user-service","stringValue":"\"[object Object]\"","timestamp":"2022-04-22T00:20:38.154Z","value":"[object Object]"}
{"kind":"ObjectId","level":"error","path":"_id","reason":{},"service":"user-service","stringValue":"\"[object Object]\"","timestamp":"2022-04-22T00:31:29.746Z","value":"[object Object]"}
{"kind":"ObjectId","level":"error","path":"_id","reason":{},"service":"user-service","stringValue":"\"[object Object]\"","timestamp":"2022-04-22T00:56:32.882Z","value":"[object Object]"}
{"kind":"ObjectId","level":"error","path":"_id","reason":{},"service":"user-service","stringValue":"\"[object Object]\"","timestamp":"2022-04-22T01:08:08.397Z","value":"[object Object]"}
{"kind":"ObjectId","level":"error","path":"_id","reason":{},"service":"user-service","stringValue":"\"[object Object]\"","timestamp":"2022-04-22T12:41:41.649Z","value":"[object Object]"}
{"kind":"ObjectId","level":"error","path":"_id","reason":{},"service":"user-service","stringValue":"\"[object Object]\"","timestamp":"2022-04-22T14:12:10.555Z","value":"[object Object]"}
{"kind":"ObjectId","level":"error","path":"_id","reason":{},"service":"user-service","stringValue":"\"[object Object]\"","timestamp":"2022-04-22T14:12:38.684Z","value":"[object Object]"}
{"kind":"ObjectId","level":"error","path":"_id","reason":{},"service":"user-service","stringValue":"\"[object Object]\"","timestamp":"2022-04-22T14:35:00.701Z","value":"[object Object]"}
{"kind":"ObjectId","level":"error","path":"_id","reason":{},"service":"user-service","stringValue":"\"[object Object]\"","timestamp":"2022-04-22T15:06:31.840Z","value":"[object Object]"}
{"kind":"ObjectId","level":"error","path":"_id","reason":{},"service":"user-service","stringValue":"\"[object Object]\"","timestamp":"2022-04-22T15:07:10.221Z","value":"[object Object]"}
{"kind":"ObjectId","level":"error","path":"_id","reason":{},"service":"user-service","stringValue":"\"[object Object]\"","timestamp":"2022-04-22T15:10:38.291Z","value":"[object Object]"}
{"kind":"ObjectId","level":"error","path":"_id","reason":{},"service":"user-service","stringValue":"\"[object Object]\"","timestamp":"2022-04-22T15:20:28.803Z","value":"[object Object]"}
{"kind":"ObjectId","level":"error","path":"_id","reason":{},"service":"user-service","stringValue":"\"[object Object]\"","timestamp":"2022-04-22T15:55:36.789Z","value":"[object Object]"}
{"kind":"ObjectId","level":"error","path":"_id","reason":{},"service":"user-service","stringValue":"\"[object Object]\"","timestamp":"2022-04-22T17:03:37.948Z","value":"[object Object]"}
{"kind":"ObjectId","level":"error","path":"_id","reason":{},"service":"user-service","stringValue":"\"[object Object]\"","timestamp":"2022-04-28T12:06:13.598Z","value":"[object Object]"}
{"kind":"ObjectId","level":"error","path":"_id","reason":{},"service":"user-service","stringValue":"\"ralph-ravi-kayden-2d4laqalbda-unsplash.jpeg\"","timestamp":"2022-04-28T12:31:41.911Z","value":"ralph-ravi-kayden-2d4laqalbda-unsplash.jpeg"}
{"kind":"ObjectId","level":"error","path":"_id","reason":{},"service":"user-service","stringValue":"\"[object Object]\"","timestamp":"2022-04-28T13:18:36.655Z","value":"[object Object]"}
{"kind":"ObjectId","level":"error","path":"_id","reason":{},"service":"user-service","stringValue":"\"[object Object]\"","timestamp":"2022-04-29T16:28:10.671Z","value":"[object Object]"}
{"level":"error","service":"user-service","timestamp":"2022-05-20T08:48:33.099Z"}
{"level":"error","service":"user-service","timestamp":"2022-05-31T08:37:29.102Z"}
{"level":"error","service":"user-service","timestamp":"2022-05-31T08:38:24.645Z"}
{"kind":"ObjectId","level":"error","path":"_id","reason":{},"service":"user-service","stringValue":"\"[object Object]\"","timestamp":"2022-05-31T09:39:28.801Z","value":"[object Object]"}
{"kind":"ObjectId","level":"error","path":"_id","reason":{},"service":"user-service","stringValue":"\"[object Object]\"","timestamp":"2022-05-31T09:39:47.442Z","value":"[object Object]"}
{"kind":"ObjectId","level":"error","path":"_id","reason":{},"service":"user-service","stringValue":"\"[object Object]\"","timestamp":"2022-05-31T09:49:28.144Z","value":"[object Object]"}
{"level":"error","service":"user-service","timestamp":"2022-05-31T10:14:31.739Z"}
{"level":"error","service":"user-service","timestamp":"2022-05-31T10:14:41.740Z"}
{"level":"error","service":"user-service","timestamp":"2022-05-31T10:15:05.143Z"}
{"level":"error","service":"user-service","timestamp":"2022-05-31T10:44:10.133Z"}
{"level":"error","service":"user-service","timestamp":"2022-05-31T10:44:19.944Z"}
{"level":"error","service":"user-service","timestamp":"2022-05-31T10:44:52.286Z"}
{"level":"error","service":"user-service","timestamp":"2022-05-31T10:48:13.413Z"}
{"level":"error","service":"user-service","timestamp":"2022-05-31T10:48:51.231Z"}
{"level":"error","service":"user-service","timestamp":"2022-05-31T10:50:13.203Z"}
{"level":"error","service":"user-service","timestamp":"2022-05-31T10:56:03.722Z"}
{"level":"error","service":"user-service","timestamp":"2022-05-31T10:58:17.711Z"}
{"kind":"ObjectId","level":"error","path":"_id","reason":{},"service":"user-service","stringValue":"\"[object Object]\"","timestamp":"2022-05-31T13:56:47.230Z","value":"[object Object]"}
{"kind":"ObjectId","level":"error","path":"_id","reason":{},"service":"user-service","stringValue":"\"[object Object]\"","timestamp":"2022-05-31T13:57:35.048Z","value":"[object Object]"}
{"kind":"ObjectId","level":"error","path":"_id","reason":{},"service":"user-service","stringValue":"\"[object Object]\"","timestamp":"2022-05-31T13:57:46.818Z","value":"[object Object]"}
{"kind":"ObjectId","level":"error","path":"_id","reason":{},"service":"user-service","stringValue":"\"[object Object]\"","timestamp":"2022-05-31T13:57:57.650Z","value":"[object Object]"}
{"kind":"ObjectId","level":"error","path":"_id","reason":{},"service":"user-service","stringValue":"\"[object Object]\"","timestamp":"2022-05-31T13:59:50.469Z","value":"[object Object]"}
{"kind":"ObjectId","level":"error","path":"_id","reason":{},"service":"user-service","stringValue":"\"[object Object]\"","timestamp":"2022-05-31T13:59:53.562Z","value":"[object Object]"}
{"kind":"ObjectId","level":"error","path":"_id","reason":{},"service":"user-service","stringValue":"\"[object Object]\"","timestamp":"2022-05-31T14:00:42.084Z","value":"[object Object]"}
{"kind":"ObjectId","level":"error","path":"_id","reason":{},"service":"user-service","stringValue":"\"[object Object]\"","timestamp":"2022-05-31T14:01:45.723Z","value":"[object Object]"}
{"kind":"ObjectId","level":"error","path":"_id","reason":{},"service":"user-service","stringValue":"\"[object Object]\"","timestamp":"2022-05-31T14:02:15.050Z","value":"[object Object]"}
{"kind":"ObjectId","level":"error","path":"_id","reason":{},"service":"user-service","stringValue":"\"[object Object]\"","timestamp":"2022-05-31T14:04:55.145Z","value":"[object Object]"}
{"kind":"ObjectId","level":"error","path":"_id","reason":{},"service":"user-service","stringValue":"\"[object Object]\"","timestamp":"2022-05-31T14:05:27.705Z","value":"[object Object]"}
{"kind":"ObjectId","level":"error","path":"_id","reason":{},"service":"user-service","stringValue":"\"[object Object]\"","timestamp":"2022-05-31T14:05:39.763Z","value":"[object Object]"}
{"kind":"ObjectId","level":"error","path":"_id","reason":{},"service":"user-service","stringValue":"\"[object Object]\"","timestamp":"2022-05-31T14:06:30.349Z","value":"[object Object]"}
{"kind":"ObjectId","level":"error","path":"_id","reason":{},"service":"user-service","stringValue":"\"[object Object]\"","timestamp":"2022-05-31T14:07:34.233Z","value":"[object Object]"}
{"kind":"ObjectId","level":"error","path":"_id","reason":{},"service":"user-service","stringValue":"\"[object Object]\"","timestamp":"2022-05-31T14:07:37.104Z","value":"[object Object]"}
{"kind":"ObjectId","level":"error","path":"_id","reason":{},"service":"user-service","stringValue":"\"[object Object]\"","timestamp":"2022-05-31T14:20:28.873Z","value":"[object Object]"}
{"kind":"ObjectId","level":"error","path":"_id","reason":{},"service":"user-service","stringValue":"\"[object Object]\"","timestamp":"2022-05-31T14:42:26.948Z","value":"[object Object]"}
{"kind":"ObjectId","level":"error","path":"_id","reason":{},"service":"user-service","stringValue":"\"[object Object]\"","timestamp":"2022-05-31T14:42:40.045Z","value":"[object Object]"}
{"kind":"ObjectId","level":"error","path":"_id","reason":{},"service":"user-service","stringValue":"\"[object Object]\"","timestamp":"2022-06-01T14:42:54.603Z","value":"[object Object]"}
{"kind":"ObjectId","level":"error","path":"_id","reason":{},"service":"user-service","stringValue":"\"[object Object]\"","timestamp":"2022-06-02T09:08:01.042Z","value":"[object Object]"}
{"kind":"ObjectId","level":"error","path":"_id","reason":{},"service":"user-service","stringValue":"\"[object Object]\"","timestamp":"2022-06-02T09:08:11.377Z","value":"[object Object]"}
{"kind":"ObjectId","level":"error","path":"_id","reason":{},"service":"user-service","stringValue":"\"[object Object]\"","timestamp":"2022-06-02T12:17:10.241Z","value":"[object Object]"}
{"kind":"ObjectId","level":"error","path":"_id","reason":{},"service":"user-service","stringValue":"\"[object Object]\"","timestamp":"2022-06-02T13:55:08.656Z","value":"[object Object]"}
{"kind":"ObjectId","level":"error","path":"_id","reason":{},"service":"user-service","stringValue":"\"[object Object]\"","timestamp":"2022-06-02T14:11:48.307Z","value":"[object Object]"}
{"kind":"ObjectId","level":"error","path":"_id","reason":{},"service":"user-service","stringValue":"\"[object Object]\"","timestamp":"2022-06-02T14:11:49.392Z","value":"[object Object]"}
{"kind":"ObjectId","level":"error","path":"_id","reason":{},"service":"user-service","stringValue":"\"[object Object]\"","timestamp":"2022-06-02T14:17:02.014Z","value":"[object Object]"}
{"kind":"ObjectId","level":"error","path":"_id","reason":{},"service":"user-service","stringValue":"\"[object Object]\"","timestamp":"2022-06-02T14:17:06.024Z","value":"[object Object]"}
{"kind":"ObjectId","level":"error","path":"_id","reason":{},"service":"user-service","stringValue":"\"[object Object]\"","timestamp":"2022-06-02T14:27:40.689Z","value":"[object Object]"}
{"kind":"ObjectId","level":"error","path":"_id","reason":{},"service":"user-service","stringValue":"\"[object Object]\"","timestamp":"2022-06-02T14:27:43.744Z","value":"[object Object]"}
{"kind":"ObjectId","level":"error","path":"_id","reason":{},"service":"user-service","stringValue":"\"[object Object]\"","timestamp":"2022-06-02T14:30:45.407Z","value":"[object Object]"}
{"kind":"ObjectId","level":"error","path":"_id","reason":{},"service":"user-service","stringValue":"\"[object Object]\"","timestamp":"2022-06-02T14:31:41.818Z","value":"[object Object]"}
{"kind":"ObjectId","level":"error","path":"_id","reason":{},"service":"user-service","stringValue":"\"[object Object]\"","timestamp":"2022-06-02T14:32:33.125Z","value":"[object Object]"}
{"kind":"ObjectId","level":"error","path":"_id","reason":{},"service":"user-service","stringValue":"\"[object Object]\"","timestamp":"2022-06-02T14:32:46.874Z","value":"[object Object]"}
{"kind":"ObjectId","level":"error","path":"_id","reason":{},"service":"user-service","stringValue":"\"[object Object]\"","timestamp":"2022-06-02T14:32:52.677Z","value":"[object Object]"}
{"kind":"ObjectId","level":"error","path":"_id","reason":{},"service":"user-service","stringValue":"\"[object Object]\"","timestamp":"2022-06-02T14:39:25.749Z","value":"[object Object]"}
{"kind":"ObjectId","level":"error","path":"_id","reason":{},"service":"user-service","stringValue":"\"[object Object]\"","timestamp":"2022-06-02T14:39:58.552Z","value":"[object Object]"}
{"kind":"ObjectId","level":"error","path":"_id","reason":{},"service":"user-service","stringValue":"\"[object Object]\"","timestamp":"2022-06-02T14:40:41.894Z","value":"[object Object]"}
{"kind":"ObjectId","level":"error","path":"_id","reason":{},"service":"user-service","stringValue":"\"[object Object]\"","timestamp":"2022-06-02T16:29:31.533Z","value":"[object Object]"}
{"kind":"ObjectId","level":"error","path":"_id","reason":{},"service":"user-service","stringValue":"\"[object Object]\"","timestamp":"2022-06-02T16:30:42.876Z","value":"[object Object]"}
{"kind":"ObjectId","level":"error","path":"_id","reason":{},"service":"user-service","stringValue":"\"[object Object]\"","timestamp":"2022-06-02T16:31:04.311Z","value":"[object Object]"}
{"kind":"ObjectId","level":"error","path":"_id","reason":{},"service":"user-service","stringValue":"\"[object Object]\"","timestamp":"2022-06-03T07:35:34.195Z","value":"[object Object]"}
{"kind":"ObjectId","level":"error","path":"_id","reason":{},"service":"user-service","stringValue":"\"[object Object]\"","timestamp":"2022-06-03T07:39:23.758Z","value":"[object Object]"}
{"kind":"ObjectId","level":"error","path":"_id","reason":{},"service":"user-service","stringValue":"\"[object Object]\"","timestamp":"2022-06-03T07:44:41.659Z","value":"[object Object]"}
{"kind":"ObjectId","level":"error","path":"_id","reason":{},"service":"user-service","stringValue":"\"[object Object]\"","timestamp":"2022-06-03T12:44:28.545Z","value":"[object Object]"}
{"kind":"ObjectId","level":"error","path":"_id","reason":{},"service":"user-service","stringValue":"\"[object Object]\"","timestamp":"2022-06-03T12:49:29.919Z","value":"[object Object]"}
{"kind":"ObjectId","level":"error","path":"_id","reason":{},"service":"user-service","stringValue":"\"[object Object]\"","timestamp":"2022-06-07T08:35:17.583Z","value":"[object Object]"}
{"kind":"ObjectId","level":"error","path":"_id","reason":{},"service":"user-service","stringValue":"\"[object Object]\"","timestamp":"2022-06-07T08:36:56.486Z","value":"[object Object]"}
